<?xml version="1.0" encoding="UTF-8"?>
<testng-results ignored="0" total="0" passed="0" failed="0" skipped="0">
  <reporter-output>
  </reporter-output>
  <suite started-at="2021-11-18T14:23:38Z" name="tests.TestBase" finished-at="2021-11-18T14:23:38Z" duration-ms="6">
    <groups>
    </groups>
    <test started-at="2021-11-18T14:23:38Z" name="Command line test" finished-at="2021-11-18T14:23:38Z" duration-ms="6">
      <class name="tests.TestBase">
        <test-method is-config="true" signature="startDriver(java.lang.String)[pri:0, instance:tests.TestBase@2f943d71]" started-at="2021-11-18T14:23:27Z" name="startDriver" finished-at="2021-11-18T14:23:38Z" duration-ms="10283" status="PASS">
          <params>
            <param index="0">
              <value>
                <![CDATA[chrome]]>
              </value>
            </param>
          </params>
          <reporter-output>
          </reporter-output>
        </test-method> <!-- startDriver -->
        <test-method is-config="true" signature="quitDriver()[pri:0, instance:tests.TestBase@2f943d71]" started-at="2021-11-18T14:23:38Z" name="quitDriver" finished-at="2021-11-18T14:23:38Z" duration-ms="0" status="PASS">
          <reporter-output>
          </reporter-output>
        </test-method> <!-- quitDriver -->
      </class> <!-- tests.TestBase -->
    </test> <!-- Command line test -->
  </suite> <!-- tests.TestBase -->
</testng-results>
